\BOOKMARK [1][-]{section.1}{IYPT 2020 Problem}{}% 1
\BOOKMARK [1][-]{section.2}{Abstract}{}% 2
\BOOKMARK [1][-]{section.3}{Magnetostrictive hysteresis loop}{}% 3
\BOOKMARK [1][-]{section.4}{Experiments}{}% 4
\BOOKMARK [2][-]{subsection.4.1}{Finding magnetostriction effect}{section.4}% 5
\BOOKMARK [2][-]{subsection.4.2}{Trying to produce sound}{section.4}% 6
\BOOKMARK [2][-]{subsection.4.3}{Stationary magnetic field}{section.4}% 7
\BOOKMARK [2][-]{subsection.4.4}{Measuring Q-factor}{section.4}% 8
\BOOKMARK [2][-]{subsection.4.5}{Amplitude modulation}{section.4}% 9
\BOOKMARK [2][-]{subsection.4.6}{Powering the coil with measured free rod oscillations}{section.4}% 10
\BOOKMARK [1][-]{section.5}{Theory}{}% 11
\BOOKMARK [2][-]{subsection.5.1}{Experiment n. 1 outcome}{section.5}% 12
\BOOKMARK [2][-]{subsection.5.2}{Experiment n. 2 outcome - mechanical solution}{section.5}% 13
\BOOKMARK [2][-]{subsection.5.3}{Explanation for experiment n. 3}{section.5}% 14
\BOOKMARK [2][-]{subsection.5.4}{Q - factor and resonance curve}{section.5}% 15
\BOOKMARK [2][-]{subsection.5.5}{Amplitude modulation explanation}{section.5}% 16
\BOOKMARK [2][-]{subsection.5.6}{Explanation of experiment n. 6}{section.5}% 17
\BOOKMARK [1][-]{section.6}{Comparison of theoretical results with experiments}{}% 18
\BOOKMARK [1][-]{section.7}{Final Discussion}{}% 19
\BOOKMARK [1][-]{section.8}{Conclusion}{}% 20
\BOOKMARK [1][-]{section.9}{References}{}% 21
\BOOKMARK [1][-]{section.10}{Appendix}{}% 22
\BOOKMARK [2][-]{subsection.10.1}{First mechanical theory}{section.10}% 23
\BOOKMARK [2][-]{subsection.10.2}{Second mechanical theory}{section.10}% 24
\BOOKMARK [2][-]{subsection.10.3}{Processing data}{section.10}% 25
\BOOKMARK [2][-]{subsection.10.4}{Finding Q factor}{section.10}% 26
