\BOOKMARK [1][-]{section.1}{\332vod}{}% 1
\BOOKMARK [2][-]{subsection.1.1}{Zad\341n\355}{section.1}% 2
\BOOKMARK [2][-]{subsection.1.2}{Vymezen\355 obsahu re\235en\355 \372lohy}{section.1}% 3
\BOOKMARK [1][-]{section.2}{Experiment\341ln\355 c\341st}{}% 4
\BOOKMARK [2][-]{subsection.2.1}{Dule\236it\341 \372vodn\355 pozorov\341n\355}{section.2}% 5
\BOOKMARK [2][-]{subsection.2.2}{Vlastn\355 meren\355}{section.2}% 6
\BOOKMARK [3][-]{subsubsection.2.2.1}{V\341lec}{subsection.2.2}% 7
\BOOKMARK [3][-]{subsubsection.2.2.2}{Trycht\375re}{subsection.2.2}% 8
\BOOKMARK [1][-]{section.3}{Teoretick\341 c\341st}{}% 9
\BOOKMARK [2][-]{subsection.3.1}{Obecn\375 \372vod}{section.3}% 10
\BOOKMARK [2][-]{subsection.3.2}{Zkontrolov\341n\355 nekter\375ch vztahu}{section.3}% 11
\BOOKMARK [3][-]{subsubsection.3.2.1}{Meren\355 v\375tokov\351ho koeficientu}{subsection.3.2}% 12
\BOOKMARK [3][-]{subsubsection.3.2.2}{Z\341ver meren\355 v\375tokov\351ho koeficientu}{subsection.3.2}% 13
\BOOKMARK [2][-]{subsection.3.3}{Fin\341ln\355 vztahy pro predpovezen\375 cas}{section.3}% 14
\BOOKMARK [3][-]{subsubsection.3.3.1}{Pro v\341lec}{subsection.3.3}% 15
\BOOKMARK [3][-]{subsubsection.3.3.2}{Pro trycht\375re}{subsection.3.3}% 16
\BOOKMARK [2][-]{subsection.3.4}{Porovn\341n\355 v\375sledku}{section.3}% 17
\BOOKMARK [1][-]{section.4}{Z\341ver a diskuze}{}% 18
\BOOKMARK [2][-]{subsection.4.1}{Objasnen\355 nepresnost\355 a odchylek}{section.4}% 19
\BOOKMARK [2][-]{subsection.4.2}{Rekapitulace dosa\236en\375ch v\375sledku}{section.4}% 20
\BOOKMARK [2][-]{subsection.4.3}{N\341mety na budouc\355 v\375zkum}{section.4}% 21
\BOOKMARK [1][-]{section.5}{Odvozen\355 vztahu z 3. oddelen\355.}{}% 22
\BOOKMARK [2][-]{subsection.5.1}{Pro v\341lec}{section.5}% 23
\BOOKMARK [2][-]{subsection.5.2}{Pro trycht\375r}{section.5}% 24
\BOOKMARK [1][-]{section.6}{Pou\236it\341 literatura}{}% 25
