\BOOKMARK [1][-]{section.1}{Problem}{}% 1
\BOOKMARK [1][-]{section.2}{Introduction}{}% 2
\BOOKMARK [1][-]{section.3}{Magnetic forces}{}% 3
\BOOKMARK [2][-]{subsection.3.1}{1 point dipole in flea and 1 in stirrer}{section.3}% 4
\BOOKMARK [2][-]{subsection.3.2}{1 point dipole in flea and 2 in stirrer}{section.3}% 5
\BOOKMARK [2][-]{subsection.3.3}{Model validation}{section.3}% 6
\BOOKMARK [2][-]{subsection.3.4}{Magnetic forces - summary}{section.3}% 7
\BOOKMARK [1][-]{section.4}{Drag forces in viscous fluids}{}% 8
\BOOKMARK [2][-]{subsection.4.1}{Theoretical model of drag force and drag moment}{section.4}% 9
\BOOKMARK [2][-]{subsection.4.2}{Glycerol parameters}{section.4}% 10
\BOOKMARK [1][-]{section.5}{Theoretical explanation and simulation}{}% 11
\BOOKMARK [2][-]{subsection.5.1}{Qualitative analysis}{section.5}% 12
\BOOKMARK [2][-]{subsection.5.2}{Quantitative analysis}{section.5}% 13
\BOOKMARK [2][-]{subsection.5.3}{Determination of constants}{section.5}% 14
\BOOKMARK [1][-]{section.6}{Comparison of simulation and experiments}{}% 15
\BOOKMARK [2][-]{subsection.6.1}{Flea trajectory}{section.6}% 16
\BOOKMARK [2][-]{subsection.6.2}{Levitation height}{section.6}% 17
\BOOKMARK [2][-]{subsection.6.3}{Angular velocity constraints}{section.6}% 18
\BOOKMARK [2][-]{subsection.6.4}{Sucrose solution}{section.6}% 19
\BOOKMARK [1][-]{section.7}{Additional observations}{}% 20
\BOOKMARK [2][-]{subsection.7.1}{Upper limit of viscosity}{section.7}% 21
\BOOKMARK [2][-]{subsection.7.2}{Changing flea size}{section.7}% 22
\BOOKMARK [2][-]{subsection.7.3}{Approximation to \040sin\(x\) + x }{section.7}% 23
\BOOKMARK [2][-]{subsection.7.4}{Lissajous figures for this system}{section.7}% 24
\BOOKMARK [1][-]{section.8}{Conclusion}{}% 25
\BOOKMARK [2][-]{subsection.8.1}{Summary of achieved results}{section.8}% 26
\BOOKMARK [2][-]{subsection.8.2}{Further research}{section.8}% 27
\BOOKMARK [1][-]{section.9}{Nomenclature}{}% 28
